c:\users\walsht.coventry\desktop\spheres - copy\spheres\x64\release\vc142.pdb
c:\users\walsht.coventry\desktop\spheres - copy\spheres\x64\release\triangle.obj
c:\users\walsht.coventry\desktop\spheres - copy\spheres\x64\release\sphere.obj
c:\users\walsht.coventry\desktop\spheres - copy\spheres\x64\release\shape.obj
c:\users\walsht.coventry\desktop\spheres - copy\spheres\x64\release\plane.obj
c:\users\walsht.coventry\desktop\spheres - copy\spheres\x64\release\objloader.obj
c:\users\walsht.coventry\desktop\spheres - copy\spheres\x64\release\main.obj
c:\users\walsht.coventry\desktop\spheres - copy\spheres\x64\release\light.obj
c:\users\walsht.coventry\desktop\spheres - copy\spheres\x64\release\axisalignedbounding.obj
c:\users\walsht.coventry\desktop\spheres - copy\spheres\x64\release\arealight.obj
e:\uni\spheres\spheres\x64\release\vc142.pdb
e:\uni\spheres\spheres\x64\release\triangle.obj
e:\uni\spheres\spheres\x64\release\sphere.obj
e:\uni\spheres\spheres\x64\release\shape.obj
e:\uni\spheres\spheres\x64\release\plane.obj
e:\uni\spheres\spheres\x64\release\objloader.obj
e:\uni\spheres\spheres\x64\release\main.obj
e:\uni\spheres\spheres\x64\release\light.obj
e:\uni\spheres\spheres\x64\release\axisalignedbounding.obj
e:\uni\spheres\spheres\x64\release\arealight.obj
f:\uni\spheres\spheres\x64\release\vc142.pdb
f:\uni\spheres\spheres\x64\release\triangle.obj
f:\uni\spheres\spheres\x64\release\sphere.obj
f:\uni\spheres\spheres\x64\release\shape.obj
f:\uni\spheres\spheres\x64\release\plane.obj
f:\uni\spheres\spheres\x64\release\objloader.obj
f:\uni\spheres\spheres\x64\release\main.obj
f:\uni\spheres\spheres\x64\release\light.obj
f:\uni\spheres\spheres\x64\release\axisalignedbounding.obj
f:\uni\spheres\spheres\x64\release\arealight.obj
c:\users\walsht.coventry\desktop\spheres - copy\x64\release\spheres.exe
c:\users\walsht.coventry\desktop\spheres - copy\x64\release\spheres.pdb
e:\uni\spheres\x64\release\spheres.exe
e:\uni\spheres\x64\release\spheres.pdb
c:\users\walsht.coventry\desktop\spheres - copy\x64\release\spheres.ipdb
c:\users\walsht.coventry\desktop\spheres - copy\x64\release\spheres.iobj
e:\uni\spheres\x64\release\spheres.ipdb
e:\uni\spheres\x64\release\spheres.iobj
f:\uni\spheres\spheres\x64\release\mesh.obj
f:\uni\spheres\x64\release\spheres.pdb
f:\uni\spheres\x64\release\spheres.exe
f:\uni\spheres\spheres\x64\release\spheres.tlog\cl.command.1.tlog
f:\uni\spheres\spheres\x64\release\spheres.tlog\cl.read.1.tlog
f:\uni\spheres\spheres\x64\release\spheres.tlog\cl.write.1.tlog
f:\uni\spheres\spheres\x64\release\spheres.tlog\link.command.1.tlog
f:\uni\spheres\spheres\x64\release\spheres.tlog\link.delete.1.tlog
f:\uni\spheres\spheres\x64\release\spheres.tlog\link.read.1.tlog
f:\uni\spheres\spheres\x64\release\spheres.tlog\link.write.1.tlog
f:\uni\spheres\spheres\x64\release\spheres.tlog\spheres.write.1u.tlog
